[debug] [2026-01-28T05:25:36.526Z] No OAuth tokens found
[debug] [2026-01-28T05:25:36.530Z] No OAuth tokens found
[error] Failed to fetch Firebase Project from current Studio Workspace: Unable to refresh auth: not yet authenticated.
[debug] [2026-01-28T05:25:36.533Z] No OAuth tokens found
[debug] [2026-01-28T05:25:36.534Z] No OAuth tokens found
[error] Failed to fetch Firebase Project from current Studio Workspace: Unable to refresh auth: not yet authenticated.
[debug] [2026-01-28T05:25:36.535Z] > command requires scopes: ["email","openid","https://www.googleapis.com/auth/cloudplatformprojects.readonly","https://www.googleapis.com/auth/firebase","https://www.googleapis.com/auth/cloud-platform","https://www.googleapis.com/auth/userinfo.email"]
[debug] [2026-01-28T05:25:36.537Z] > authorizing via signed-in user (sureofcourse@gmail.com)
[debug] [2026-01-28T05:31:23.477Z] ----------------------------------------------------------------------
[debug] [2026-01-28T05:31:23.483Z] Command:       /nix/store/ws50yvm6vzlzf7jzz6n7xh4szddrack1-nodejs-20.19.1/bin/node /nix/store/c776mhyhgykcld7p90ajrka149ifn61a-firebase-tools-14.26.0/lib/node_modules/firebase-tools/lib/bin/firebase.js deploy
[debug] [2026-01-28T05:31:23.483Z] CLI Version:   14.26.0
[debug] [2026-01-28T05:31:23.484Z] Platform:      linux
[debug] [2026-01-28T05:31:23.484Z] Node Version:  v20.19.1
[debug] [2026-01-28T05:31:23.484Z] Time:          Wed Jan 28 2026 05:31:23 GMT+0000 (Coordinated Universal Time)
[debug] [2026-01-28T05:31:23.484Z] ----------------------------------------------------------------------
[debug] 
[debug] [2026-01-28T05:31:24.085Z] No OAuth tokens found
[debug] [2026-01-28T05:31:24.086Z] No OAuth tokens found
[error] Failed to fetch Firebase Project from current Studio Workspace: Unable to refresh auth: not yet authenticated.
[debug] [2026-01-28T05:31:24.103Z] > command requires scopes: ["email","openid","https://www.googleapis.com/auth/cloudplatformprojects.readonly","https://www.googleapis.com/auth/firebase","https://www.googleapis.com/auth/cloud-platform","https://www.googleapis.com/auth/userinfo.email"]
[debug] [2026-01-28T05:31:24.104Z] > authorizing via signed-in user (sureofcourse@gmail.com)
[debug] [2026-01-28T05:31:24.104Z] [iam] checking project your-project-id for permissions ["firebase.projects.get","firebasehosting.sites.update"]
[debug] [2026-01-28T05:31:24.105Z] No OAuth tokens found
[debug] [2026-01-28T05:31:24.105Z] No OAuth tokens found
[debug] [2026-01-28T05:31:24.106Z] > command requires scopes: ["email","openid","https://www.googleapis.com/auth/cloudplatformprojects.readonly","https://www.googleapis.com/auth/firebase","https://www.googleapis.com/auth/cloud-platform","https://www.googleapis.com/auth/userinfo.email"]
[debug] [2026-01-28T05:31:24.106Z] > authorizing via signed-in user (sureofcourse@gmail.com)
[debug] [2026-01-28T05:31:24.109Z] >>> [apiv2][query] POST https://cloudresourcemanager.googleapis.com/v1/projects/your-project-id:testIamPermissions [none]
[debug] [2026-01-28T05:31:24.110Z] >>> [apiv2][(partial)header] POST https://cloudresourcemanager.googleapis.com/v1/projects/your-project-id:testIamPermissions x-goog-quota-user=projects/your-project-id
[debug] [2026-01-28T05:31:24.110Z] >>> [apiv2][body] POST https://cloudresourcemanager.googleapis.com/v1/projects/your-project-id:testIamPermissions {"permissions":["firebase.projects.get","firebasehosting.sites.update"]}
[debug] [2026-01-28T05:31:24.320Z] <<< [apiv2][status] POST https://cloudresourcemanager.googleapis.com/v1/projects/your-project-id:testIamPermissions 200
[debug] [2026-01-28T05:31:24.321Z] <<< [apiv2][body] POST https://cloudresourcemanager.googleapis.com/v1/projects/your-project-id:testIamPermissions {}
[debug] [2026-01-28T05:31:24.321Z] [iam] error while checking permissions, command may fail: Authorization failed. This account is missing the following required permissions on project your-project-id:

  firebase.projects.get
  firebasehosting.sites.update
[debug] [2026-01-28T05:31:24.322Z] No OAuth tokens found
[debug] [2026-01-28T05:31:24.322Z] No OAuth tokens found
[debug] [2026-01-28T05:31:24.323Z] > command requires scopes: ["email","openid","https://www.googleapis.com/auth/cloudplatformprojects.readonly","https://www.googleapis.com/auth/firebase","https://www.googleapis.com/auth/cloud-platform","https://www.googleapis.com/auth/userinfo.email"]
[debug] [2026-01-28T05:31:24.323Z] > authorizing via signed-in user (sureofcourse@gmail.com)
[debug] [2026-01-28T05:31:24.323Z] >>> [apiv2][query] GET https://firebase.googleapis.com/v1beta1/projects/your-project-id [none]
[debug] [2026-01-28T05:31:24.539Z] <<< [apiv2][status] GET https://firebase.googleapis.com/v1beta1/projects/your-project-id 403
[debug] [2026-01-28T05:31:24.540Z] <<< [apiv2][body] GET https://firebase.googleapis.com/v1beta1/projects/your-project-id {"error":{"code":403,"message":"The caller does not have permission","status":"PERMISSION_DENIED"}}
[debug] [2026-01-28T05:31:24.542Z] Request to https://firebase.googleapis.com/v1beta1/projects/your-project-id had HTTP Error: 403, The caller does not have permission
[debug] [2026-01-28T05:31:24.544Z] FirebaseError: Request to https://firebase.googleapis.com/v1beta1/projects/your-project-id had HTTP Error: 403, The caller does not have permission
    at responseToError (/nix/store/c776mhyhgykcld7p90ajrka149ifn61a-firebase-tools-14.26.0/lib/node_modules/firebase-tools/lib/responseToError.js:53:12)
    at RetryOperation._fn (/nix/store/c776mhyhgykcld7p90ajrka149ifn61a-firebase-tools-14.26.0/lib/node_modules/firebase-tools/lib/apiv2.js:322:77)
    at process.processTicksAndRejections (node:internal/process/task_queues:95:5)
[error] 
[error] Error: Failed to get Firebase project your-project-id. Please make sure the project exists and your account has permission to access it.
